0 info it worked if it ends with ok
1 verbose cli [ '/Users/vega/.nvm/versions/node/v6.9.5/bin/node',
1 verbose cli   '/Users/vega/.nvm/versions/node/v6.9.5/bin/npm',
1 verbose cli   'version',
1 verbose cli   'major' ]
2 info using npm@3.10.10
3 info using node@v6.9.5
4 info git [ 'status', '--porcelain' ]
5 verbose stack Error: Git working directory not clean.
5 verbose stack M README.md
5 verbose stack D example/dev-server/aa.html
5 verbose stack D example/dev-server/index.html
5 verbose stack D example/dev-server/npm-debug.log
5 verbose stack D example/dev-server/outTpl/aa.html
5 verbose stack D example/dev-server/package.json
5 verbose stack D example/dev-server/src/index.js
5 verbose stack D example/dev-server/webpack.config.js
5 verbose stack M index.js
5 verbose stack M package.json
5 verbose stack M src/baseConfig.js
5 verbose stack M src/defaultOptions.js
5 verbose stack M src/getPackage.js
5 verbose stack M yarn.lock
5 verbose stack     at /Users/vega/.nvm/versions/node/v6.9.5/lib/node_modules/npm/lib/version.js:247:19
5 verbose stack     at /Users/vega/.nvm/versions/node/v6.9.5/lib/node_modules/npm/lib/utils/no-progress-while-running.js:21:8
5 verbose stack     at ChildProcess.exithandler (child_process.js:197:7)
5 verbose stack     at emitTwo (events.js:106:13)
5 verbose stack     at ChildProcess.emit (events.js:191:7)
5 verbose stack     at maybeClose (internal/child_process.js:877:16)
5 verbose stack     at Socket.<anonymous> (internal/child_process.js:334:11)
5 verbose stack     at emitOne (events.js:96:13)
5 verbose stack     at Socket.emit (events.js:188:7)
5 verbose stack     at Pipe._handle.close [as _onclose] (net.js:498:12)
6 verbose cwd /Users/vega/Project/github/lazy-webpack
7 error Darwin 16.3.0
8 error argv "/Users/vega/.nvm/versions/node/v6.9.5/bin/node" "/Users/vega/.nvm/versions/node/v6.9.5/bin/npm" "version" "major"
9 error node v6.9.5
10 error npm  v3.10.10
11 error Git working directory not clean.
11 error M README.md
11 error D example/dev-server/aa.html
11 error D example/dev-server/index.html
11 error D example/dev-server/npm-debug.log
11 error D example/dev-server/outTpl/aa.html
11 error D example/dev-server/package.json
11 error D example/dev-server/src/index.js
11 error D example/dev-server/webpack.config.js
11 error M index.js
11 error M package.json
11 error M src/baseConfig.js
11 error M src/defaultOptions.js
11 error M src/getPackage.js
11 error M yarn.lock
12 error If you need help, you may report this error at:
12 error     <https://github.com/npm/npm/issues>
13 verbose exit [ 1, true ]
